<?xml version="1.0" encoding="UTF-8"?>
<!-- Generated by org.testng.reporters.JUnitReportReporter -->
<testsuite hostname="APL-5CD128FLHK" failures="0" tests="1" name="hgk.selenium.FlightBook_E2E.AutoSugDropdown" time="3.704" errors="1" timestamp="2025-03-14T06:59:56 IST" skipped="0">
  <testcase classname="hgk.selenium.FlightBook_E2E.AutoSugDropdown" name="autoSugCountry" time="3.704">
    <error message="element click intercepted: Element &lt;a id=&quot;ui-id-3&quot; class=&quot;ui-corner-all&quot; tabindex=&quot;-1&quot;&gt;...&lt;/a&gt; is not clickable at point (126, 84). Other element would receive the click: &lt;div class=&quot;logo&quot;&gt;...&lt;/div&gt;
  (Session info: MicrosoftEdge=133.0.3065.92)
Build info: version: &#039;4.28.1&#039;, revision: &#039;73f5ad48a2&#039;
System info: os.name: &#039;Windows 11&#039;, os.arch: &#039;amd64&#039;, os.version: &#039;10.0&#039;, java.version: &#039;21.0.3&#039;
Driver info: org.openqa.selenium.edge.EdgeDriver
Command: [df72360d84fdf2edf13490965b3c13bd, clickElement {id=f.67A62FA8F8246CB35FB560413599B1F6.d.D4B15BC9E7FE3B525BE6BCCA2DB5C344.e.121}]
Capabilities {acceptInsecureCerts: false, browserName: MicrosoftEdge, browserVersion: 133.0.3065.92, fedcm:accounts: true, ms:edgeOptions: {debuggerAddress: localhost:50767}, msedge: {msedgedriverVersion: 133.0.3065.92 (e8591772eda3..., userDataDir: C:\Users\HA4005~1\AppData\L...}, networkConnectionEnabled: false, pageLoadStrategy: normal, platformName: windows, proxy: Proxy(), se:cdp: ws://localhost:50767/devtoo..., se:cdpVersion: 133.0.3065.92, setWindowRect: true, strictFileInteractability: false, timeouts: {implicit: 0, pageLoad: 300000, script: 30000}, unhandledPromptBehavior: dismiss and notify, webauthn:extension:credBlob: true, webauthn:extension:largeBlob: true, webauthn:extension:minPinLength: true, webauthn:extension:prf: true, webauthn:virtualAuthenticators: true}
Element: [[[[EdgeDriver: MicrosoftEdge on windows (df72360d84fdf2edf13490965b3c13bd)] -&gt; css selector: .ui-menu-item]] -&gt; tag name: a]
Session ID: df72360d84fdf2edf13490965b3c13bd" type="org.openqa.selenium.ElementClickInterceptedException">
      <![CDATA[org.openqa.selenium.ElementClickInterceptedException: element click intercepted: Element <a id="ui-id-3" class="ui-corner-all" tabindex="-1">...</a> is not clickable at point (126, 84). Other element would receive the click: <div class="logo">...</div>
  (Session info: MicrosoftEdge=133.0.3065.92)
Build info: version: '4.28.1', revision: '73f5ad48a2'
System info: os.name: 'Windows 11', os.arch: 'amd64', os.version: '10.0', java.version: '21.0.3'
Driver info: org.openqa.selenium.edge.EdgeDriver
Command: [df72360d84fdf2edf13490965b3c13bd, clickElement {id=f.67A62FA8F8246CB35FB560413599B1F6.d.D4B15BC9E7FE3B525BE6BCCA2DB5C344.e.121}]
Capabilities {acceptInsecureCerts: false, browserName: MicrosoftEdge, browserVersion: 133.0.3065.92, fedcm:accounts: true, ms:edgeOptions: {debuggerAddress: localhost:50767}, msedge: {msedgedriverVersion: 133.0.3065.92 (e8591772eda3..., userDataDir: C:\Users\HA4005~1\AppData\L...}, networkConnectionEnabled: false, pageLoadStrategy: normal, platformName: windows, proxy: Proxy(), se:cdp: ws://localhost:50767/devtoo..., se:cdpVersion: 133.0.3065.92, setWindowRect: true, strictFileInteractability: false, timeouts: {implicit: 0, pageLoad: 300000, script: 30000}, unhandledPromptBehavior: dismiss and notify, webauthn:extension:credBlob: true, webauthn:extension:largeBlob: true, webauthn:extension:minPinLength: true, webauthn:extension:prf: true, webauthn:virtualAuthenticators: true}
Element: [[[[EdgeDriver: MicrosoftEdge on windows (df72360d84fdf2edf13490965b3c13bd)] -> css selector: .ui-menu-item]] -> tag name: a]
Session ID: df72360d84fdf2edf13490965b3c13bd
at java.base/jdk.internal.reflect.DirectConstructorHandleAccessor.newInstance(DirectConstructorHandleAccessor.java:62)
at java.base/java.lang.reflect.Constructor.newInstanceWithCaller(Constructor.java:502)
at java.base/java.lang.reflect.Constructor.newInstance(Constructor.java:486)
at org.openqa.selenium.remote.ErrorCodec.decode(ErrorCodec.java:167)
at org.openqa.selenium.remote.codec.w3c.W3CHttpResponseCodec.decode(W3CHttpResponseCodec.java:138)
at org.openqa.selenium.remote.codec.w3c.W3CHttpResponseCodec.decode(W3CHttpResponseCodec.java:50)
at org.openqa.selenium.remote.HttpCommandExecutor.execute(HttpCommandExecutor.java:215)
at org.openqa.selenium.remote.service.DriverCommandExecutor.invokeExecute(DriverCommandExecutor.java:216)
at org.openqa.selenium.remote.service.DriverCommandExecutor.execute(DriverCommandExecutor.java:174)
at org.openqa.selenium.remote.RemoteWebDriver.execute(RemoteWebDriver.java:545)
at org.openqa.selenium.remote.RemoteWebElement.execute(RemoteWebElement.java:223)
at org.openqa.selenium.remote.RemoteWebElement.click(RemoteWebElement.java:76)
at hgk.selenium.FlightBook_E2E.AutoSugDropdown.autoSugCountry(AutoSugDropdown.java:27)
at java.base/jdk.internal.reflect.DirectMethodHandleAccessor.invoke(DirectMethodHandleAccessor.java:103)
at java.base/java.lang.reflect.Method.invoke(Method.java:580)
at org.testng.internal.MethodInvocationHelper.invokeMethod(MethodInvocationHelper.java:133)
at org.testng.internal.TestInvoker.invokeMethod(TestInvoker.java:598)
at org.testng.internal.TestInvoker.invokeTestMethod(TestInvoker.java:173)
at org.testng.internal.MethodRunner.runInSequence(MethodRunner.java:46)
at org.testng.internal.TestInvoker$MethodInvocationAgent.invoke(TestInvoker.java:824)
at org.testng.internal.TestInvoker.invokeTestMethods(TestInvoker.java:146)
at org.testng.internal.TestMethodWorker.invokeTestMethods(TestMethodWorker.java:146)
at org.testng.internal.TestMethodWorker.run(TestMethodWorker.java:128)
at java.base/java.util.ArrayList.forEach(ArrayList.java:1596)
at org.testng.TestRunner.privateRun(TestRunner.java:794)
at org.testng.TestRunner.run(TestRunner.java:596)
at org.testng.SuiteRunner.runTest(SuiteRunner.java:377)
at org.testng.SuiteRunner.runSequentially(SuiteRunner.java:371)
at org.testng.SuiteRunner.privateRun(SuiteRunner.java:332)
at org.testng.SuiteRunner.run(SuiteRunner.java:276)
at org.testng.SuiteRunnerWorker.runSuite(SuiteRunnerWorker.java:53)
at org.testng.SuiteRunnerWorker.run(SuiteRunnerWorker.java:96)
at org.testng.TestNG.runSuitesSequentially(TestNG.java:1212)
at org.testng.TestNG.runSuitesLocally(TestNG.java:1134)
at org.testng.TestNG.runSuites(TestNG.java:1063)
at org.testng.TestNG.run(TestNG.java:1031)
at org.testng.remote.AbstractRemoteTestNG.run(AbstractRemoteTestNG.java:115)
at org.testng.remote.RemoteTestNG.initAndRun(RemoteTestNG.java:293)
at org.testng.remote.RemoteTestNG.main(RemoteTestNG.java:91)
]]>
    </error>
  </testcase> <!-- autoSugCountry -->
  <system-out/>
</testsuite> <!-- hgk.selenium.FlightBook_E2E.AutoSugDropdown -->
